{"/Users/balrajshah/Desktop/KOHO_Assignment/store/ids.js": {"path":"/Users/balrajshah/Desktop/KOHO_Assignment/store/ids.js","statementMap":{"0":{"start":{"line":1,"column":8},"end":{"line":1,"column":24}},"1":{"start":{"line":3,"column":16},"end":{"line":3,"column":18}},"2":{"start":{"line":5,"column":27},"end":{"line":8,"column":1}},"3":{"start":{"line":6,"column":4},"end":{"line":6,"column":54}},"4":{"start":{"line":7,"column":4},"end":{"line":7,"column":21}},"5":{"start":{"line":10,"column":41},"end":{"line":18,"column":1}},"6":{"start":{"line":11,"column":4},"end":{"line":12,"column":75}},"7":{"start":{"line":12,"column":9},"end":{"line":12,"column":61}},"8":{"start":{"line":13,"column":4},"end":{"line":16,"column":5}},"9":{"start":{"line":14,"column":8},"end":{"line":14,"column":45}},"10":{"start":{"line":15,"column":8},"end":{"line":15,"column":21}},"11":{"start":{"line":17,"column":4},"end":{"line":17,"column":16}},"12":{"start":{"line":20,"column":0},"end":{"line":23,"column":2}}},"fnMap":{"0":{"name":"(anonymous_0)","decl":{"start":{"line":5,"column":27},"end":{"line":5,"column":28}},"loc":{"start":{"line":5,"column":49},"end":{"line":8,"column":1}},"line":5},"1":{"name":"(anonymous_1)","decl":{"start":{"line":10,"column":41},"end":{"line":10,"column":42}},"loc":{"start":{"line":10,"column":63},"end":{"line":18,"column":1}},"line":10},"2":{"name":"(anonymous_2)","decl":{"start":{"line":11,"column":31},"end":{"line":11,"column":32}},"loc":{"start":{"line":12,"column":9},"end":{"line":12,"column":61}},"line":12}},"branchMap":{"0":{"loc":{"start":{"line":12,"column":9},"end":{"line":12,"column":61}},"type":"binary-expr","locations":[{"start":{"line":12,"column":9},"end":{"line":12,"column":25}},{"start":{"line":12,"column":29},"end":{"line":12,"column":61}}],"line":12},"1":{"loc":{"start":{"line":13,"column":4},"end":{"line":16,"column":5}},"type":"if","locations":[{"start":{"line":13,"column":4},"end":{"line":16,"column":5}},{"start":{"line":13,"column":4},"end":{"line":16,"column":5}}],"line":13}},"s":{"0":2,"1":2,"2":2,"3":6,"4":6,"5":2,"6":3,"7":9,"8":3,"9":2,"10":2,"11":1,"12":2},"f":{"0":6,"1":3,"2":9},"b":{"0":[9,4],"1":[2,1]},"_coverageSchema":"43e27e138ebf9cfc5966b082cf9a028302ed4184","hash":"40a3c8f2eb728c825c381f6fc3ee7b414f5af63b"}
,"/Users/balrajshah/Desktop/KOHO_Assignment/store/transactions.js": {"path":"/Users/balrajshah/Desktop/KOHO_Assignment/store/transactions.js","statementMap":{"0":{"start":{"line":1,"column":8},"end":{"line":1,"column":24}},"1":{"start":{"line":5,"column":17},"end":{"line":5,"column":19}},"2":{"start":{"line":7,"column":21},"end":{"line":10,"column":1}},"3":{"start":{"line":8,"column":4},"end":{"line":8,"column":46}},"4":{"start":{"line":9,"column":4},"end":{"line":9,"column":22}},"5":{"start":{"line":12,"column":21},"end":{"line":12,"column":55}},"6":{"start":{"line":12,"column":34},"end":{"line":12,"column":55}},"7":{"start":{"line":14,"column":24},"end":{"line":17,"column":1}},"8":{"start":{"line":15,"column":4},"end":{"line":15,"column":51}},"9":{"start":{"line":16,"column":4},"end":{"line":16,"column":22}},"10":{"start":{"line":19,"column":37},"end":{"line":20,"column":69}},"11":{"start":{"line":19,"column":61},"end":{"line":20,"column":69}},"12":{"start":{"line":20,"column":5},"end":{"line":20,"column":68}},"13":{"start":{"line":22,"column":42},"end":{"line":23,"column":72}},"14":{"start":{"line":22,"column":67},"end":{"line":23,"column":72}},"15":{"start":{"line":23,"column":5},"end":{"line":23,"column":71}},"16":{"start":{"line":25,"column":41},"end":{"line":25,"column":138}},"17":{"start":{"line":25,"column":65},"end":{"line":25,"column":138}},"18":{"start":{"line":26,"column":38},"end":{"line":26,"column":126}},"19":{"start":{"line":26,"column":62},"end":{"line":26,"column":126}},"20":{"start":{"line":27,"column":37},"end":{"line":27,"column":138}},"21":{"start":{"line":27,"column":62},"end":{"line":27,"column":138}},"22":{"start":{"line":29,"column":0},"end":{"line":38,"column":2}}},"fnMap":{"0":{"name":"(anonymous_0)","decl":{"start":{"line":7,"column":21},"end":{"line":7,"column":22}},"loc":{"start":{"line":7,"column":31},"end":{"line":10,"column":1}},"line":7},"1":{"name":"(anonymous_1)","decl":{"start":{"line":12,"column":21},"end":{"line":12,"column":22}},"loc":{"start":{"line":12,"column":34},"end":{"line":12,"column":55}},"line":12},"2":{"name":"(anonymous_2)","decl":{"start":{"line":14,"column":24},"end":{"line":14,"column":25}},"loc":{"start":{"line":14,"column":41},"end":{"line":17,"column":1}},"line":14},"3":{"name":"(anonymous_3)","decl":{"start":{"line":19,"column":37},"end":{"line":19,"column":38}},"loc":{"start":{"line":19,"column":61},"end":{"line":20,"column":69}},"line":19},"4":{"name":"(anonymous_4)","decl":{"start":{"line":19,"column":61},"end":{"line":19,"column":62}},"loc":{"start":{"line":20,"column":5},"end":{"line":20,"column":68}},"line":20},"5":{"name":"(anonymous_5)","decl":{"start":{"line":22,"column":42},"end":{"line":22,"column":43}},"loc":{"start":{"line":22,"column":67},"end":{"line":23,"column":72}},"line":22},"6":{"name":"(anonymous_6)","decl":{"start":{"line":22,"column":67},"end":{"line":22,"column":68}},"loc":{"start":{"line":23,"column":5},"end":{"line":23,"column":71}},"line":23},"7":{"name":"(anonymous_7)","decl":{"start":{"line":25,"column":41},"end":{"line":25,"column":42}},"loc":{"start":{"line":25,"column":65},"end":{"line":25,"column":138}},"line":25},"8":{"name":"(anonymous_8)","decl":{"start":{"line":26,"column":38},"end":{"line":26,"column":39}},"loc":{"start":{"line":26,"column":62},"end":{"line":26,"column":126}},"line":26},"9":{"name":"(anonymous_9)","decl":{"start":{"line":27,"column":37},"end":{"line":27,"column":38}},"loc":{"start":{"line":27,"column":62},"end":{"line":27,"column":138}},"line":27}},"branchMap":{"0":{"loc":{"start":{"line":20,"column":5},"end":{"line":20,"column":68}},"type":"binary-expr","locations":[{"start":{"line":20,"column":5},"end":{"line":20,"column":37}},{"start":{"line":20,"column":41},"end":{"line":20,"column":68}}],"line":20},"1":{"loc":{"start":{"line":23,"column":5},"end":{"line":23,"column":71}},"type":"binary-expr","locations":[{"start":{"line":23,"column":5},"end":{"line":23,"column":37}},{"start":{"line":23,"column":41},"end":{"line":23,"column":71}}],"line":23}},"s":{"0":2,"1":2,"2":2,"3":2,"4":2,"5":2,"6":3,"7":2,"8":1,"9":1,"10":2,"11":2,"12":4,"13":2,"14":1,"15":2,"16":2,"17":2,"18":2,"19":2,"20":2,"21":1,"22":2},"f":{"0":2,"1":3,"2":1,"3":2,"4":4,"5":1,"6":2,"7":2,"8":2,"9":1},"b":{"0":[4,1],"1":[2,1]},"_coverageSchema":"43e27e138ebf9cfc5966b082cf9a028302ed4184","hash":"fd8e561abd3a3bfb332d4dc6952a81817f860893"}
,"/Users/balrajshah/Desktop/KOHO_Assignment/utils/currency.js": {"path":"/Users/balrajshah/Desktop/KOHO_Assignment/utils/currency.js","statementMap":{"0":{"start":{"line":1,"column":8},"end":{"line":1,"column":24}},"1":{"start":{"line":3,"column":20},"end":{"line":3,"column":24}},"2":{"start":{"line":5,"column":29},"end":{"line":5,"column":59}},"3":{"start":{"line":5,"column":39},"end":{"line":5,"column":59}},"4":{"start":{"line":8,"column":25},"end":{"line":8,"column":45}},"5":{"start":{"line":8,"column":35},"end":{"line":8,"column":45}},"6":{"start":{"line":10,"column":26},"end":{"line":10,"column":61}},"7":{"start":{"line":10,"column":36},"end":{"line":10,"column":61}},"8":{"start":{"line":11,"column":27},"end":{"line":11,"column":55}},"9":{"start":{"line":11,"column":37},"end":{"line":11,"column":55}},"10":{"start":{"line":13,"column":32},"end":{"line":16,"column":9}},"11":{"start":{"line":13,"column":42},"end":{"line":16,"column":9}},"12":{"start":{"line":18,"column":0},"end":{"line":24,"column":1}}},"fnMap":{"0":{"name":"(anonymous_0)","decl":{"start":{"line":5,"column":29},"end":{"line":5,"column":30}},"loc":{"start":{"line":5,"column":39},"end":{"line":5,"column":59}},"line":5},"1":{"name":"(anonymous_1)","decl":{"start":{"line":8,"column":25},"end":{"line":8,"column":26}},"loc":{"start":{"line":8,"column":35},"end":{"line":8,"column":45}},"line":8},"2":{"name":"(anonymous_2)","decl":{"start":{"line":10,"column":26},"end":{"line":10,"column":27}},"loc":{"start":{"line":10,"column":36},"end":{"line":10,"column":61}},"line":10},"3":{"name":"(anonymous_3)","decl":{"start":{"line":11,"column":27},"end":{"line":11,"column":28}},"loc":{"start":{"line":11,"column":37},"end":{"line":11,"column":55}},"line":11},"4":{"name":"(anonymous_4)","decl":{"start":{"line":13,"column":32},"end":{"line":13,"column":33}},"loc":{"start":{"line":13,"column":42},"end":{"line":16,"column":9}},"line":13}},"branchMap":{},"s":{"0":2,"1":2,"2":2,"3":4,"4":2,"5":2,"6":2,"7":3,"8":2,"9":3,"10":2,"11":1,"12":2},"f":{"0":4,"1":2,"2":3,"3":3,"4":1},"b":{},"_coverageSchema":"43e27e138ebf9cfc5966b082cf9a028302ed4184","hash":"ee503bbc6cf25370135e3b4f09f99ff12a9ac6a0"}
,"/Users/balrajshah/Desktop/KOHO_Assignment/utils/dates.js": {"path":"/Users/balrajshah/Desktop/KOHO_Assignment/utils/dates.js","statementMap":{"0":{"start":{"line":1,"column":13},"end":{"line":1,"column":30}},"1":{"start":{"line":4,"column":0},"end":{"line":8,"column":3}},"2":{"start":{"line":10,"column":30},"end":{"line":10,"column":87}},"3":{"start":{"line":10,"column":43},"end":{"line":10,"column":87}},"4":{"start":{"line":11,"column":23},"end":{"line":11,"column":86}},"5":{"start":{"line":11,"column":31},"end":{"line":11,"column":86}},"6":{"start":{"line":12,"column":21},"end":{"line":12,"column":82}},"7":{"start":{"line":12,"column":29},"end":{"line":12,"column":82}},"8":{"start":{"line":14,"column":24},"end":{"line":24,"column":1}},"9":{"start":{"line":15,"column":18},"end":{"line":15,"column":20}},"10":{"start":{"line":16,"column":22},"end":{"line":16,"column":62}},"11":{"start":{"line":17,"column":19},"end":{"line":17,"column":28}},"12":{"start":{"line":18,"column":20},"end":{"line":18,"column":58}},"13":{"start":{"line":19,"column":4},"end":{"line":22,"column":5}},"14":{"start":{"line":20,"column":8},"end":{"line":20,"column":29}},"15":{"start":{"line":21,"column":8},"end":{"line":21,"column":75}},"16":{"start":{"line":23,"column":4},"end":{"line":23,"column":17}},"17":{"start":{"line":26,"column":0},"end":{"line":31,"column":1}}},"fnMap":{"0":{"name":"(anonymous_0)","decl":{"start":{"line":10,"column":30},"end":{"line":10,"column":31}},"loc":{"start":{"line":10,"column":43},"end":{"line":10,"column":87}},"line":10},"1":{"name":"(anonymous_1)","decl":{"start":{"line":11,"column":23},"end":{"line":11,"column":24}},"loc":{"start":{"line":11,"column":31},"end":{"line":11,"column":86}},"line":11},"2":{"name":"(anonymous_2)","decl":{"start":{"line":12,"column":21},"end":{"line":12,"column":22}},"loc":{"start":{"line":12,"column":29},"end":{"line":12,"column":82}},"line":12},"3":{"name":"(anonymous_3)","decl":{"start":{"line":14,"column":24},"end":{"line":14,"column":25}},"loc":{"start":{"line":14,"column":40},"end":{"line":24,"column":1}},"line":14}},"branchMap":{},"s":{"0":1,"1":1,"2":1,"3":1,"4":1,"5":1,"6":1,"7":1,"8":1,"9":1,"10":1,"11":1,"12":1,"13":1,"14":7,"15":7,"16":1,"17":1},"f":{"0":1,"1":1,"2":1,"3":1},"b":{},"_coverageSchema":"43e27e138ebf9cfc5966b082cf9a028302ed4184","hash":"b539ddeb38cd29c90e0b6ac5a007fe4c214ae258"}
,"/Users/balrajshah/Desktop/KOHO_Assignment/validators/validation.js": {"path":"/Users/balrajshah/Desktop/KOHO_Assignment/validators/validation.js","statementMap":{"0":{"start":{"line":1,"column":10},"end":{"line":1,"column":33}},"1":{"start":{"line":2,"column":19},"end":{"line":2,"column":51}},"2":{"start":{"line":3,"column":20},"end":{"line":3,"column":48}},"3":{"start":{"line":4,"column":8},"end":{"line":4,"column":24}},"4":{"start":{"line":6,"column":21},"end":{"line":6,"column":26}},"5":{"start":{"line":7,"column":20},"end":{"line":7,"column":24}},"6":{"start":{"line":9,"column":29},"end":{"line":9,"column":105}},"7":{"start":{"line":9,"column":51},"end":{"line":9,"column":105}},"8":{"start":{"line":11,"column":31},"end":{"line":16,"column":1}},"9":{"start":{"line":12,"column":4},"end":{"line":15,"column":19}},"10":{"start":{"line":17,"column":32},"end":{"line":18,"column":55}},"11":{"start":{"line":18,"column":4},"end":{"line":18,"column":55}},"12":{"start":{"line":20,"column":28},"end":{"line":23,"column":39}},"13":{"start":{"line":20,"column":64},"end":{"line":23,"column":39}},"14":{"start":{"line":25,"column":26},"end":{"line":32,"column":1}},"15":{"start":{"line":25,"column":51},"end":{"line":32,"column":1}},"16":{"start":{"line":27,"column":8},"end":{"line":27,"column":41}},"17":{"start":{"line":28,"column":8},"end":{"line":28,"column":19}},"18":{"start":{"line":34,"column":29},"end":{"line":34,"column":132}},"19":{"start":{"line":34,"column":66},"end":{"line":34,"column":132}},"20":{"start":{"line":36,"column":35},"end":{"line":41,"column":1}},"21":{"start":{"line":37,"column":4},"end":{"line":39,"column":5}},"22":{"start":{"line":38,"column":8},"end":{"line":38,"column":21}},"23":{"start":{"line":40,"column":4},"end":{"line":40,"column":16}},"24":{"start":{"line":43,"column":0},"end":{"line":47,"column":1}}},"fnMap":{"0":{"name":"(anonymous_0)","decl":{"start":{"line":9,"column":29},"end":{"line":9,"column":30}},"loc":{"start":{"line":9,"column":51},"end":{"line":9,"column":105}},"line":9},"1":{"name":"(anonymous_1)","decl":{"start":{"line":11,"column":31},"end":{"line":11,"column":32}},"loc":{"start":{"line":11,"column":49},"end":{"line":16,"column":1}},"line":11},"2":{"name":"(anonymous_2)","decl":{"start":{"line":17,"column":32},"end":{"line":17,"column":33}},"loc":{"start":{"line":18,"column":4},"end":{"line":18,"column":55}},"line":18},"3":{"name":"(anonymous_3)","decl":{"start":{"line":20,"column":28},"end":{"line":20,"column":29}},"loc":{"start":{"line":20,"column":64},"end":{"line":23,"column":39}},"line":20},"4":{"name":"(anonymous_4)","decl":{"start":{"line":25,"column":26},"end":{"line":25,"column":27}},"loc":{"start":{"line":25,"column":51},"end":{"line":32,"column":1}},"line":25},"5":{"name":"(anonymous_5)","decl":{"start":{"line":26,"column":4},"end":{"line":26,"column":5}},"loc":{"start":{"line":26,"column":20},"end":{"line":29,"column":5}},"line":26},"6":{"name":"(anonymous_6)","decl":{"start":{"line":34,"column":29},"end":{"line":34,"column":30}},"loc":{"start":{"line":34,"column":66},"end":{"line":34,"column":132}},"line":34},"7":{"name":"(anonymous_7)","decl":{"start":{"line":36,"column":35},"end":{"line":36,"column":36}},"loc":{"start":{"line":36,"column":90},"end":{"line":41,"column":1}},"line":36}},"branchMap":{"0":{"loc":{"start":{"line":20,"column":64},"end":{"line":23,"column":39}},"type":"binary-expr","locations":[{"start":{"line":20,"column":64},"end":{"line":23,"column":2}},{"start":{"line":23,"column":6},"end":{"line":23,"column":39}}],"line":20},"1":{"loc":{"start":{"line":37,"column":4},"end":{"line":39,"column":5}},"type":"if","locations":[{"start":{"line":37,"column":4},"end":{"line":39,"column":5}},{"start":{"line":37,"column":4},"end":{"line":39,"column":5}}],"line":37},"2":{"loc":{"start":{"line":37,"column":8},"end":{"line":37,"column":116}},"type":"binary-expr","locations":[{"start":{"line":37,"column":8},"end":{"line":37,"column":59}},{"start":{"line":37,"column":63},"end":{"line":37,"column":116}}],"line":37}},"s":{"0":1,"1":1,"2":1,"3":1,"4":1,"5":1,"6":1,"7":1,"8":1,"9":3,"10":1,"11":3,"12":1,"13":3,"14":1,"15":2,"16":3,"17":3,"18":1,"19":2,"20":1,"21":3,"22":2,"23":1,"24":1},"f":{"0":1,"1":3,"2":3,"3":3,"4":2,"5":3,"6":2,"7":3},"b":{"0":[3,2],"1":[2,1],"2":[3,2]},"_coverageSchema":"43e27e138ebf9cfc5966b082cf9a028302ed4184","hash":"0c19acc227b1603b6cc6bede03b372f72bf74550"}
}
