TN:
SF:/Users/balrajshah/Desktop/KOHO_Assignment/store/ids.js
FN:5,(anonymous_0)
FN:10,(anonymous_1)
FN:11,(anonymous_2)
FNF:3
FNH:3
FNDA:6,(anonymous_0)
FNDA:3,(anonymous_1)
FNDA:9,(anonymous_2)
DA:1,2
DA:3,2
DA:5,2
DA:6,6
DA:7,6
DA:10,2
DA:11,3
DA:12,9
DA:13,3
DA:14,2
DA:15,2
DA:17,1
DA:20,2
LF:13
LH:13
BRDA:12,0,0,9
BRDA:12,0,1,4
BRDA:13,1,0,2
BRDA:13,1,1,1
BRF:4
BRH:4
end_of_record
TN:
SF:/Users/balrajshah/Desktop/KOHO_Assignment/store/transactions.js
FN:7,(anonymous_0)
FN:12,(anonymous_1)
FN:14,(anonymous_2)
FN:19,(anonymous_3)
FN:19,(anonymous_4)
FN:22,(anonymous_5)
FN:22,(anonymous_6)
FN:25,(anonymous_7)
FN:26,(anonymous_8)
FN:27,(anonymous_9)
FNF:10
FNH:10
FNDA:2,(anonymous_0)
FNDA:3,(anonymous_1)
FNDA:1,(anonymous_2)
FNDA:2,(anonymous_3)
FNDA:4,(anonymous_4)
FNDA:1,(anonymous_5)
FNDA:2,(anonymous_6)
FNDA:2,(anonymous_7)
FNDA:2,(anonymous_8)
FNDA:1,(anonymous_9)
DA:1,2
DA:5,2
DA:7,2
DA:8,2
DA:9,2
DA:12,3
DA:14,2
DA:15,1
DA:16,1
DA:19,2
DA:20,4
DA:22,2
DA:23,2
DA:25,2
DA:26,2
DA:27,2
DA:29,2
LF:17
LH:17
BRDA:20,0,0,4
BRDA:20,0,1,1
BRDA:23,1,0,2
BRDA:23,1,1,1
BRF:4
BRH:4
end_of_record
TN:
SF:/Users/balrajshah/Desktop/KOHO_Assignment/utils/currency.js
FN:5,(anonymous_0)
FN:8,(anonymous_1)
FN:10,(anonymous_2)
FN:11,(anonymous_3)
FN:13,(anonymous_4)
FNF:5
FNH:5
FNDA:4,(anonymous_0)
FNDA:2,(anonymous_1)
FNDA:3,(anonymous_2)
FNDA:3,(anonymous_3)
FNDA:1,(anonymous_4)
DA:1,2
DA:3,2
DA:5,4
DA:8,2
DA:10,3
DA:11,3
DA:13,2
DA:18,2
LF:8
LH:8
BRF:0
BRH:0
end_of_record
TN:
SF:/Users/balrajshah/Desktop/KOHO_Assignment/utils/dates.js
FN:10,(anonymous_0)
FN:11,(anonymous_1)
FN:12,(anonymous_2)
FN:14,(anonymous_3)
FNF:4
FNH:4
FNDA:1,(anonymous_0)
FNDA:1,(anonymous_1)
FNDA:1,(anonymous_2)
FNDA:1,(anonymous_3)
DA:1,1
DA:4,1
DA:10,1
DA:11,1
DA:12,1
DA:14,1
DA:15,1
DA:16,1
DA:17,1
DA:18,1
DA:19,1
DA:20,7
DA:21,7
DA:23,1
DA:26,1
LF:15
LH:15
BRF:0
BRH:0
end_of_record
TN:
SF:/Users/balrajshah/Desktop/KOHO_Assignment/validators/validation.js
FN:9,(anonymous_0)
FN:11,(anonymous_1)
FN:17,(anonymous_2)
FN:20,(anonymous_3)
FN:25,(anonymous_4)
FN:26,(anonymous_5)
FN:34,(anonymous_6)
FN:36,(anonymous_7)
FNF:8
FNH:8
FNDA:1,(anonymous_0)
FNDA:3,(anonymous_1)
FNDA:3,(anonymous_2)
FNDA:3,(anonymous_3)
FNDA:2,(anonymous_4)
FNDA:3,(anonymous_5)
FNDA:2,(anonymous_6)
FNDA:3,(anonymous_7)
DA:1,1
DA:2,1
DA:3,1
DA:4,1
DA:6,1
DA:7,1
DA:9,1
DA:11,1
DA:12,3
DA:17,1
DA:18,3
DA:20,3
DA:25,2
DA:27,3
DA:28,3
DA:34,2
DA:36,1
DA:37,3
DA:38,2
DA:40,1
DA:43,1
LF:21
LH:21
BRDA:20,0,0,3
BRDA:20,0,1,2
BRDA:37,1,0,2
BRDA:37,1,1,1
BRDA:37,2,0,3
BRDA:37,2,1,2
BRF:6
BRH:6
end_of_record
